<?xml version="1.0" encoding="UTF-8"?>
<!-- Generated by org.testng.reporters.JUnitReportReporter -->
<testsuite hostname="DESKTOP-48PF7FN" failures="0" tests="4" name="org.Petdiseasealerts.test.PetParasiteTest" time="99.790" errors="0" timestamp="2023-02-09T12:56:18 IST" skipped="0">
  <testcase classname="org.Petdiseasealerts.test.PetParasiteTest" name="viewForecastDataTest" time="31.851"/>
  <system-out/>
  <testcase classname="org.Petdiseasealerts.test.PetParasiteTest" name="viewForecastDataTest" time="23.924"/>
  <system-out/>
  <testcase classname="org.Petdiseasealerts.test.PetParasiteTest" name="viewForecastDataTest" time="22.324"/>
  <system-out/>
  <testcase classname="org.Petdiseasealerts.test.PetParasiteTest" name="viewForecastDataTest" time="21.691"/>
  <system-out/>
</testsuite> <!-- org.Petdiseasealerts.test.PetParasiteTest -->
